<?xml version="1.0" encoding="UTF-8"?>
<!-- Generated by org.testng.reporters.JUnitReportReporter -->
<testsuite hostname="TYSS-Prajwal" failures="0" tests="4" name="TestNG.A" time="0.016" errors="0" timestamp="2023-06-22T16:12:00 IST" skipped="0">
  <testcase classname="TestNG.A" name="register" time="0.010"/>
  <system-out>
    <![CDATA[registered]]>
  </system-out>
  <testcase classname="TestNG.A" name="login" time="0.001"/>
  <system-out>
    <![CDATA[logged in]]>
  </system-out>
  <testcase classname="TestNG.A" name="edit" time="0.003"/>
  <system-out>
    <![CDATA[edited]]>
  </system-out>
  <testcase classname="TestNG.A" name="delete" time="0.002"/>
  <system-out>
    <![CDATA[deleted]]>
  </system-out>
</testsuite> <!-- TestNG.A -->
