<?xml version="1.0" encoding="UTF-8"?>
<!-- Generated by org.testng.reporters.JUnitReportReporter -->
<testsuite hostname="TYSS-Prajwal" failures="0" tests="5" name="TestNG.DataProviderss" time="0.015" errors="0" timestamp="2023-06-22T16:36:15 IST" skipped="0">
  <testcase classname="TestNG.DataProviderss" name="register" time="0.005"/>
  <system-out>
    <![CDATA[Prajwal registered]]>
  </system-out>
  <testcase classname="TestNG.DataProviderss" name="register" time="0.002"/>
  <system-out>
    <![CDATA[1 registered]]>
  </system-out>
  <testcase classname="TestNG.DataProviderss" name="register" time="0.002"/>
  <system-out>
    <![CDATA[B registered]]>
  </system-out>
  <testcase classname="TestNG.DataProviderss" name="register" time="0.004"/>
  <system-out>
    <![CDATA[4.8 registered]]>
  </system-out>
  <testcase classname="TestNG.DataProviderss" name="register" time="0.002"/>
  <system-out>
    <![CDATA[true registered]]>
  </system-out>
</testsuite> <!-- TestNG.DataProviderss -->
