<?xml version="1.0" encoding="UTF-8"?>
<!-- Generated by org.testng.reporters.JUnitReportReporter -->
<testsuite hostname="TYSS-Prajwal" failures="0" tests="10" name="TestNG.IC" time="0.033" errors="0" timestamp="2023-06-22T16:21:12 IST" skipped="0">
  <testcase classname="TestNG.IC" name="register" time="0.010"/>
  <system-out>
    <![CDATA[A registered]]>
  </system-out>
  <testcase classname="TestNG.IC" name="register" time="0.003"/>
  <system-out>
    <![CDATA[A registered]]>
  </system-out>
  <testcase classname="TestNG.IC" name="register" time="0.002"/>
  <system-out>
    <![CDATA[A registered]]>
  </system-out>
  <testcase classname="TestNG.IC" name="register" time="0.002"/>
  <system-out>
    <![CDATA[A registered]]>
  </system-out>
  <testcase classname="TestNG.IC" name="register" time="0.002"/>
  <system-out>
    <![CDATA[A registered]]>
  </system-out>
  <testcase classname="TestNG.IC" name="register" time="0.005"/>
  <system-out>
    <![CDATA[A registered]]>
  </system-out>
  <testcase classname="TestNG.IC" name="register" time="0.002"/>
  <system-out>
    <![CDATA[A registered]]>
  </system-out>
  <testcase classname="TestNG.IC" name="register" time="0.002"/>
  <system-out>
    <![CDATA[A registered]]>
  </system-out>
  <testcase classname="TestNG.IC" name="register" time="0.003"/>
  <system-out>
    <![CDATA[A registered]]>
  </system-out>
  <testcase classname="TestNG.IC" name="register" time="0.002"/>
  <system-out>
    <![CDATA[A registered]]>
  </system-out>
</testsuite> <!-- TestNG.IC -->
