<?xml version="1.0" encoding="UTF-8"?>
<!-- Generated by org.testng.reporters.JUnitReportReporter -->
<testsuite hostname="TYSS-Prajwal" failures="0" tests="2" name="TestNG.PreCondition" time="0.015" errors="0" timestamp="2023-06-22T16:43:50 IST" skipped="0">
  <testcase classname="TestNG.PreCondition" name="register" time="0.007"/>
  <system-out>
    <![CDATA[user registered]]>
  </system-out>
  <testcase classname="TestNG.PreCondition" name="edit" time="0.008"/>
  <system-out>
    <![CDATA[user edited]]>
  </system-out>
</testsuite> <!-- TestNG.PreCondition -->
