<?xml version="1.0" encoding="UTF-8"?>
<!-- Generated by org.testng.reporters.JUnitReportReporter -->
<testsuite hostname="TYSS-Prajwal" failures="0" tests="1" name="TestNG.Test1" time="0.008" errors="0" timestamp="2023-06-23T15:32:55 IST" skipped="0">
  <testcase classname="TestNG.Test1" name="test1" time="0.008"/>
  <system-out>
    <![CDATA[test 1]]>
  </system-out>
</testsuite> <!-- TestNG.Test1 -->
