<?xml version="1.0" encoding="UTF-8"?>
<!-- Generated by org.testng.reporters.JUnitReportReporter -->
<testsuite hostname="TYSS-Prajwal" failures="0" tests="2" name="TestNG.ParallelExecution" time="54.624" errors="0" timestamp="2023-06-23T16:35:37 IST" skipped="0">
  <testcase classname="TestNG.ParallelExecution" name="m1" time="25.434"/>
  <system-out/>
  <testcase classname="TestNG.ParallelExecution" name="m1" time="29.190"/>
  <system-out/>
</testsuite> <!-- TestNG.ParallelExecution -->
