<?xml version="1.0" encoding="UTF-8"?>
<!-- Generated by org.testng.reporters.JUnitReportReporter -->
<testsuite hostname="TYSS-Prajwal" failures="0" tests="4" name="TestNG.GroupExecution" time="0.014" errors="0" timestamp="2023-06-23T16:11:56 IST" skipped="0">
  <testcase classname="TestNG.GroupExecution" name="userUpdate" time="0.002"/>
  <system-out>
    <![CDATA[user update]]>
  </system-out>
  <testcase classname="TestNG.GroupExecution" name="userLogin" time="0.001"/>
  <system-out>
    <![CDATA[user login]]>
  </system-out>
  <testcase classname="TestNG.GroupExecution" name="custLogin" time="0.009"/>
  <system-out>
    <![CDATA[cust login]]>
  </system-out>
  <testcase classname="TestNG.GroupExecution" name="custUpdate" time="0.002"/>
  <system-out>
    <![CDATA[cust update]]>
  </system-out>
</testsuite> <!-- TestNG.GroupExecution -->
